<?xml version="1.0" encoding="UTF-8"?>
<testsuite name="rspec" tests="6" skipped="2" failures="2" errors="0" time="0.015321" timestamp="2021-04-02T12:19:04+02:00" hostname="skipi-HP-EliteBook-8560p">
  <properties>
    <property name="seed" value="52105" />
  </properties>
  <testcase classname="spec.calculator.adder_spec" name="Calculator::Adder sums arguments #1" file="./spec/calculator/adder_spec.rb" time="0.001084"></testcase>
  <testcase classname="spec.calculator.adder_spec" name="Calculator::Adder sums arguments #2" file="./spec/calculator/adder_spec.rb" time="0.012271">
    <failure message="
expected: -1
     got: 3

(compared using ==)
" type="RSpec::Expectations::ExpectationNotMetError">Failure/Error: expect(result).to eq(-1)

  expected: -1
       got: 3

  (compared using ==)
./spec/calculator/adder_spec.rb:11:in `block (2 levels) in &lt;top (required)&gt;&apos;</failure>
  </testcase>
  <testcase classname="spec.calculator.adder_spec" name="Calculator::Adder can be skipped" file="./spec/calculator/adder_spec.rb" time="0.000008">
    <skipped />
  </testcase>
  <testcase classname="spec.calculator.subtractor_spec" name="Calculator::Subtractor subtracts arguments #1" file="./spec/calculator/subtractor_spec.rb" time="0.000153"></testcase>
  <testcase classname="spec.calculator.subtractor_spec" name="Calculator::Subtractor subtracts arguments #2" file="./spec/calculator/subtractor_spec.rb" time="0.000119">
    <failure message="
expected: 3
     got: -1

(compared using ==)
" type="RSpec::Expectations::ExpectationNotMetError">Failure/Error: expect(result).to eq(3)

  expected: 3
       got: -1

  (compared using ==)
./spec/calculator/subtractor_spec.rb:11:in `block (2 levels) in &lt;top (required)&gt;&apos;</failure>
  </testcase>
  <testcase classname="spec.calculator.subtractor_spec" name="Calculator::Subtractor can be skipped" file="./spec/calculator/subtractor_spec.rb" time="0.000005">
    <skipped />
  </testcase>
</testsuite>
